Mdi:ArrangeIcons
Mdi:ArrangeIcons
wm geometry . 1536x812+0+923
Mdi:ArrangeIcons
Mdi:ArrangeIcons
wm geometry . 1536x812+8+923
Mdi:ArrangeIcons
wm geometry . 1536x812+0+923
Mdi:ArrangeIcons
wm geometry . 1536x812+8+923
Mdi:ArrangeIcons
wm geometry . 1536x812+0+923
Mdi:ArrangeIcons
Mdi:ArrangeIcons
ScopeSigMgr:loadpffile /home/ece658_2020/chmaxwell/lab5/part4/arbiter_puf.pex.netlist.tr0 1 openonly
# PF:1
wm geometry .sigmgr._PF:1 429x319+1151+931
wm geometry .sigmgr._PF:1 429x319+859+1071
pf:read PF:1 v(q) v(q_not) v(r) v(s) v(sel0) v(sel1) v(sel2) v(sel3) v(sel4) v(sel5) v(sel6) v(sel7)
# WF:1:1 WF:1:2 WF:1:3 WF:1:4 WF:1:5 WF:1:6 WF:1:7 WF:1:8 WF:1:9 WF:1:10 WF:1:11 WF:1:12
Graph addsignal {WF:1:1 WF:1:2 WF:1:3 WF:1:4 WF:1:5 WF:1:6 WF:1:7 WF:1:8 WF:1:9 WF:1:10 WF:1:11 WF:1:12} -region {new new new new new new new new new new new new} -yview {real(y) real(y) real(y) real(y) real(y) real(y) real(y) real(y) real(y) real(y) real(y) real(y)} -xview {real(x) real(x) real(x) real(x) real(x) real(x) real(x) real(x) real(x) real(x) real(x) real(x)} -tracehi {2 2 2 2 2 2 2 2 2 2 2 2}
# Signal0 Signal1 Signal2 Signal3 Signal4 Signal5 Signal6 Signal7 Signal8 Signal9 Signal10 Signal11
Mdi:ArrangeIcons
Mdi:Resize 788 666
Mdi:Move 5 5
Mdi:ArrangeIcons
Mdi:ArrangeIcons
ScopeSigMgr:Unload 0
Graph0 delsignal Signal0
Graph0 delsignal Signal1
Graph0 delsignal Signal2
Graph0 delsignal Signal3
Graph0 delsignal Signal4
Graph0 delsignal Signal5
Graph0 delsignal Signal6
Graph0 delsignal Signal7
Graph0 delsignal Signal8
Graph0 delsignal Signal9
Graph0 delsignal Signal10
Graph0 delsignal Signal11
ScopeSigMgr:loadpffile /home/ece658_2020/chmaxwell/lab5/part4/arbiter_puf.pex.netlist.tr0 1 openonly
# PF:2
wm geometry .sigmgr._PF:2 429x319+1151+931
wm geometry .sigmgr._PF:2 429x319+989+1069
pf:read PF:2 v(q) v(q_not) v(r) v(s) v(sel0) v(sel1) v(sel2) v(sel3) v(sel4) v(sel5) v(sel6) v(sel7)
# WF:2:1 WF:2:2 WF:2:3 WF:2:4 WF:2:5 WF:2:6 WF:2:7 WF:2:8 WF:2:9 WF:2:10 WF:2:11 WF:2:12
Graph addsignal {WF:2:1 WF:2:2 WF:2:3 WF:2:4 WF:2:5 WF:2:6 WF:2:7 WF:2:8 WF:2:9 WF:2:10 WF:2:11 WF:2:12} -region {new new new new new new new new new new new new} -yview {real(y) real(y) real(y) real(y) real(y) real(y) real(y) real(y) real(y) real(y) real(y) real(y)} -xview {real(x) real(x) real(x) real(x) real(x) real(x) real(x) real(x) real(x) real(x) real(x) real(x)} -tracehi {2 2 2 2 2 2 2 2 2 2 2 2}
# Signal0 Signal1 Signal2 Signal3 Signal4 Signal5 Signal6 Signal7 Signal8 Signal9 Signal10 Signal11
Mdi:ArrangeIcons
ScopeSigMgr:Unload 0
Graph0 delsignal Signal0
Graph0 delsignal Signal1
Graph0 delsignal Signal2
Graph0 delsignal Signal3
Graph0 delsignal Signal4
Graph0 delsignal Signal5
Graph0 delsignal Signal6
Graph0 delsignal Signal7
Graph0 delsignal Signal8
Graph0 delsignal Signal9
Graph0 delsignal Signal10
Graph0 delsignal Signal11
Mdi:ArrangeIcons
Mdi:ArrangeIcons
ScopeSigMgr:loadpffile /home/ece658_2020/chmaxwell/lab5/part4/arbiter_puf.pex.netlist.tr0 1 openonly
# PF:3
wm geometry .sigmgr._PF:3 413x319+1167+931
wm geometry .sigmgr._PF:3 413x319+862+1033
pf:read PF:3 v(q) v(q_not) v(r) v(s) v(sel0) v(sel1) v(sel2) v(sel3) v(sel4) v(sel5) v(sel6) v(sel7)
# WF:3:1 WF:3:2 WF:3:3 WF:3:4 WF:3:5 WF:3:6 WF:3:7 WF:3:8 WF:3:9 WF:3:10 WF:3:11 WF:3:12
Graph addsignal {WF:3:1 WF:3:2 WF:3:3 WF:3:4 WF:3:5 WF:3:6 WF:3:7 WF:3:8 WF:3:9 WF:3:10 WF:3:11 WF:3:12} -region {new new new new new new new new new new new new} -yview {real(y) real(y) real(y) real(y) real(y) real(y) real(y) real(y) real(y) real(y) real(y) real(y)} -xview {real(x) real(x) real(x) real(x) real(x) real(x) real(x) real(x) real(x) real(x) real(x) real(x)} -tracehi {2 2 2 2 2 2 2 2 2 2 2 2}
# Signal0 Signal1 Signal2 Signal3 Signal4 Signal5 Signal6 Signal7 Signal8 Signal9 Signal10 Signal11
Mdi:ArrangeIcons
ScopeSigMgr:Unload 0
Graph0 delsignal Signal0
Graph0 delsignal Signal1
Graph0 delsignal Signal2
Graph0 delsignal Signal3
Graph0 delsignal Signal4
Graph0 delsignal Signal5
Graph0 delsignal Signal6
Graph0 delsignal Signal7
Graph0 delsignal Signal8
Graph0 delsignal Signal9
Graph0 delsignal Signal10
Graph0 delsignal Signal11
Mdi:ArrangeIcons
Mdi:ArrangeIcons
ScopeSigMgr:loadpffile /home/ece658_2020/chmaxwell/lab5/part4/arbiter_puf.pex.netlist.tr0 1 openonly
# PF:4
wm geometry .sigmgr._PF:4 521x319+1059+882
wm geometry .sigmgr._PF:4 424x319+1156+931
wm geometry .sigmgr._PF:4 424x319+915+1097
pf:read PF:4 v(q) v(q_not) v(r) v(s) v(sel0) v(sel1) v(sel2) v(sel3) v(sel4) v(sel5) v(sel6) v(sel7)
# WF:4:1 WF:4:2 WF:4:3 WF:4:4 WF:4:5 WF:4:6 WF:4:7 WF:4:8 WF:4:9 WF:4:10 WF:4:11 WF:4:12
Graph addsignal {WF:4:1 WF:4:2 WF:4:3 WF:4:4 WF:4:5 WF:4:6 WF:4:7 WF:4:8 WF:4:9 WF:4:10 WF:4:11 WF:4:12} -region {new new new new new new new new new new new new} -yview {real(y) real(y) real(y) real(y) real(y) real(y) real(y) real(y) real(y) real(y) real(y) real(y)} -xview {real(x) real(x) real(x) real(x) real(x) real(x) real(x) real(x) real(x) real(x) real(x) real(x)} -tracehi {2 2 2 2 2 2 2 2 2 2 2 2}
# Signal0 Signal1 Signal2 Signal3 Signal4 Signal5 Signal6 Signal7 Signal8 Signal9 Signal10 Signal11
wm geometry .sigmgr._PF:4 424x333+915+1083
wm geometry .sigmgr._PF:4 424x333+1012+1120
Mdi:ArrangeIcons
Mdi:ArrangeIcons
Graph:Select Graph0
Graph:DSel
Graph itemselect Signal5 add
# Signal5
Graph sigconfig Signal5 -region 4 -rgnindex 1
Graph:DSel
Graph itemselect Signal6 add
# Signal6
Graph sigconfig Signal6 -region 4 -rgnindex 2
Graph:DSel
Graph itemselect Signal7 add
# Signal7
Graph sigconfig Signal7 -region 5 -rgnindex 1
Graph:DSel
Graph itemselect Signal4 add
# Signal4
Graph sigconfig Signal4 -region 4 -rgnindex 3
Graph:DSel
Graph itemselect Signal5 add
# Signal5
Graph sigconfig {Signal5 Signal7 Signal8 Signal9 Signal10 Signal11} -regswap {5 6 7 8 9 10}
Graph:DSel
Graph itemselect Signal6 add
# Signal6
Graph sigconfig Signal6 -region 6 -rgnindex 1
Graph:DSel
Graph itemselect Signal7 add
# Signal7
Graph sigconfig {Signal7 Signal8 Signal9 Signal10 Signal11} -regswap {7 8 9 10 11}
Graph:DSel
Mdi:ArrangeIcons
Mdi:ArrangeIcons
Mdi:ArrangeIcons
wm geometry .sigmgr._PF:4 424x333+920+1304
Graph:DSel
wm geometry .sigmgr._PF:4 521x319+1059+882
wm geometry .sigmgr._PF:4 424x319+1156+931
wm geometry .sigmgr._PF:4 424x319+915+1097
wm geometry .sigmgr._PF:4 424x333+915+1083
wm geometry .sigmgr._PF:4 424x333+1012+1120
Mdi:ArrangeIcons
Mdi:ArrangeIcons
Mdi:ArrangeIcons
Mdi:ArrangeIcons
Mdi:ArrangeIcons
wm geometry .sigmgr._PF:4 424x333+920+1304
ScopeSigMgr:Unload 0
Graph0 delsignal Signal0
Graph0 delsignal Signal1
Graph0 delsignal Signal2
Graph0 delsignal Signal3
Graph0 delsignal Signal4
Graph0 delsignal Signal5
Graph0 delsignal Signal6
Graph0 delsignal Signal7
Graph0 delsignal Signal8
Graph0 delsignal Signal9
Graph0 delsignal Signal10
Graph0 delsignal Signal11
ScopeSigMgr:loadpffile /home/ece658_2020/chmaxwell/lab5/part4/arbiter_puf.pex.netlist.tr0 1 openonly
# PF:5
wm geometry .sigmgr._PF:5 311x319+1269+931
wm geometry .sigmgr._PF:5 311x319+901+1107
pf:read PF:5 v(q) v(q_not) v(r) v(s) v(sel0) v(sel1) v(sel2) v(sel3) v(sel4) v(sel5) v(sel6) v(sel7)
# WF:5:1 WF:5:2 WF:5:3 WF:5:4 WF:5:5 WF:5:6 WF:5:7 WF:5:8 WF:5:9 WF:5:10 WF:5:11 WF:5:12
Graph addsignal {WF:5:1 WF:5:2 WF:5:3 WF:5:4 WF:5:5 WF:5:6 WF:5:7 WF:5:8 WF:5:9 WF:5:10 WF:5:11 WF:5:12} -region {new new new new new new new new new new new new} -yview {real(y) real(y) real(y) real(y) real(y) real(y) real(y) real(y) real(y) real(y) real(y) real(y)} -xview {real(x) real(x) real(x) real(x) real(x) real(x) real(x) real(x) real(x) real(x) real(x) real(x)} -tracehi {2 2 2 2 2 2 2 2 2 2 2 2}
# Signal0 Signal1 Signal2 Signal3 Signal4 Signal5 Signal6 Signal7 Signal8 Signal9 Signal10 Signal11
Mdi:ArrangeIcons
Mdi:ArrangeIcons
Mdi:ArrangeIcons
ScopeSigMgr:Unload 0
Graph0 delsignal Signal0
Graph0 delsignal Signal1
Graph0 delsignal Signal2
Graph0 delsignal Signal3
Graph0 delsignal Signal4
Graph0 delsignal Signal5
Graph0 delsignal Signal6
Graph0 delsignal Signal7
Graph0 delsignal Signal8
Graph0 delsignal Signal9
Graph0 delsignal Signal10
Graph0 delsignal Signal11
ScopeSigMgr:loadpffile /home/ece658_2020/chmaxwell/lab5/part4/arbiter_puf.pex.netlist.tr0 1 openonly
# PF:6
wm geometry .sigmgr._PF:6 323x319+1257+931
wm geometry .sigmgr._PF:6 323x319+861+1079
pf:read PF:6 v(q) v(q_not) v(r) v(s) v(sel0) v(sel1) v(sel2) v(sel3) v(sel4) v(sel5) v(sel6) v(sel7)
# WF:6:1 WF:6:2 WF:6:3 WF:6:4 WF:6:5 WF:6:6 WF:6:7 WF:6:8 WF:6:9 WF:6:10 WF:6:11 WF:6:12
Graph addsignal {WF:6:1 WF:6:2 WF:6:3 WF:6:4 WF:6:5 WF:6:6 WF:6:7 WF:6:8 WF:6:9 WF:6:10 WF:6:11 WF:6:12} -region {new new new new new new new new new new new new} -yview {real(y) real(y) real(y) real(y) real(y) real(y) real(y) real(y) real(y) real(y) real(y) real(y)} -xview {real(x) real(x) real(x) real(x) real(x) real(x) real(x) real(x) real(x) real(x) real(x) real(x)} -tracehi {2 2 2 2 2 2 2 2 2 2 2 2}
# Signal0 Signal1 Signal2 Signal3 Signal4 Signal5 Signal6 Signal7 Signal8 Signal9 Signal10 Signal11
Mdi:ArrangeIcons
Mdi:ArrangeIcons
Mdi:ArrangeIcons
wm geometry .sigmgr._PF:6 323x319+810+1072
Mdi:ArrangeIcons
ScopeSigMgr:Unload 0
Graph0 delsignal Signal0
Graph0 delsignal Signal1
Graph0 delsignal Signal2
Graph0 delsignal Signal3
Graph0 delsignal Signal4
Graph0 delsignal Signal5
Graph0 delsignal Signal6
Graph0 delsignal Signal7
Graph0 delsignal Signal8
Graph0 delsignal Signal9
Graph0 delsignal Signal10
Graph0 delsignal Signal11
ScopeSigMgr:loadpffile /home/ece658_2020/chmaxwell/lab5/part4/arbiter_puf.pex.netlist.tr0 1 openonly
# PF:7
wm geometry .sigmgr._PF:7 315x319+1265+931
wm geometry .sigmgr._PF:7 315x319+971+1060
pf:read PF:7 v(q) v(q_not) v(r) v(s) v(sel0) v(sel1) v(sel2) v(sel3) v(sel4) v(sel5) v(sel6) v(sel7)
# WF:7:1 WF:7:2 WF:7:3 WF:7:4 WF:7:5 WF:7:6 WF:7:7 WF:7:8 WF:7:9 WF:7:10 WF:7:11 WF:7:12
Graph addsignal {WF:7:1 WF:7:2 WF:7:3 WF:7:4 WF:7:5 WF:7:6 WF:7:7 WF:7:8 WF:7:9 WF:7:10 WF:7:11 WF:7:12} -region {new new new new new new new new new new new new} -yview {real(y) real(y) real(y) real(y) real(y) real(y) real(y) real(y) real(y) real(y) real(y) real(y)} -xview {real(x) real(x) real(x) real(x) real(x) real(x) real(x) real(x) real(x) real(x) real(x) real(x)} -tracehi {2 2 2 2 2 2 2 2 2 2 2 2}
# Signal0 Signal1 Signal2 Signal3 Signal4 Signal5 Signal6 Signal7 Signal8 Signal9 Signal10 Signal11
Mdi:ArrangeIcons
Mdi:ArrangeIcons
Mdi:ArrangeIcons
ScopeSigMgr:Unload 0 {{(1) arbiter_puf.pex.netlist.tr0}}
Graph0 delsignal Signal0
Graph0 delsignal Signal1
Graph0 delsignal Signal2
Graph0 delsignal Signal3
Graph0 delsignal Signal4
Graph0 delsignal Signal5
Graph0 delsignal Signal6
Graph0 delsignal Signal7
Graph0 delsignal Signal8
Graph0 delsignal Signal9
Graph0 delsignal Signal10
Graph0 delsignal Signal11
